2022-11-03 11:22:50,737 laptop-ruo9ejtg workouttracking-dev.jar[10112] INFO  [io.quarkus] (Quarkus Main Thread) workouttracking 1.0-SNAPSHOT on JVM (powered by Quarkus 2.13.3.Final) started in 16.455s. Listening on: http://localhost:8080
2022-11-03 11:22:50,738 laptop-ruo9ejtg workouttracking-dev.jar[10112] INFO  [io.quarkus] (Quarkus Main Thread) Profile dev activated. Live Coding activated.
2022-11-03 11:22:50,738 laptop-ruo9ejtg workouttracking-dev.jar[10112] INFO  [io.quarkus] (Quarkus Main Thread) Installed features: [agroal, cdi, elasticsearch-rest-client, hibernate-orm, hibernate-orm-panache, hibernate-orm-rest-data-panache, jdbc-h2, jdbc-postgresql, narayana-jta, resteasy-reactive, resteasy-reactive-jackson, resteasy-reactive-links, security, security-jpa, smallrye-context-propagation, vertx]
2022-11-03 11:23:10,767 laptop-ruo9ejtg workouttracking-dev.jar[10112] INFO  [org.tes.doc.DockerClientProviderStrategy] (build-7) Loaded org.testcontainers.dockerclient.NpipeSocketClientProviderStrategy from ~/.testcontainers.properties, will try it first
2022-11-03 11:23:11,021 laptop-ruo9ejtg workouttracking-dev.jar[10112] INFO  [io.qua.arc.pro.BeanProcessor] (build-12) Found unrecommended usage of private members (use package-private instead) in application beans:
	- @Inject field com.wt.resource.WorkoutResource#workoutService,
	- @Inject field com.wt.resource.ExerciseResource#exerciseService,
	- @Inject field com.wt.resource.UserResource#userService
2022-11-03 11:23:11,153 laptop-ruo9ejtg workouttracking-dev.jar[10112] INFO  [org.tes.doc.DockerClientProviderStrategy] (build-7) Found Docker environment with local Npipe socket (npipe:////./pipe/docker_engine)
2022-11-03 11:23:11,155 laptop-ruo9ejtg workouttracking-dev.jar[10112] INFO  [org.tes.DockerClientFactory] (build-7) Docker host IP address is localhost
2022-11-03 11:23:11,169 laptop-ruo9ejtg workouttracking-dev.jar[10112] INFO  [org.tes.DockerClientFactory] (build-7) Connected to docker: 
  Server Version: 20.10.20
  API Version: 1.41
  Operating System: Docker Desktop
  Total Memory: 7846 MB
2022-11-03 11:23:11,177 laptop-ruo9ejtg workouttracking-dev.jar[10112] INFO  [org.tes.uti.ImageNameSubstitutor] (build-7) Image name substitution will be performed by: DefaultImageNameSubstitutor (composite of 'ConfigurationFileImageNameSubstitutor' and 'PrefixingImageNameSubstitutor')
2022-11-03 11:23:11,191 laptop-ruo9ejtg workouttracking-dev.jar[10112] INFO  [doc.3.3]] (build-7) Creating container for image: testcontainers/ryuk:0.3.3
2022-11-03 11:23:11,500 laptop-ruo9ejtg workouttracking-dev.jar[10112] INFO  [doc.3.3]] (build-7) Container testcontainers/ryuk:0.3.3 is starting: 095de40f4285141346c11bfb95457859085465c527c1ca02c97b17df2e0a898e
2022-11-03 11:23:12,028 laptop-ruo9ejtg workouttracking-dev.jar[10112] INFO  [doc.3.3]] (build-7) Container testcontainers/ryuk:0.3.3 started in PT0.8468905S
2022-11-03 11:23:12,034 laptop-ruo9ejtg workouttracking-dev.jar[10112] INFO  [org.tes.uti.RyukResourceReaper] (build-7) Ryuk started - will monitor and terminate Testcontainers containers on JVM exit
2022-11-03 11:23:12,034 laptop-ruo9ejtg workouttracking-dev.jar[10112] INFO  [org.tes.DockerClientFactory] (build-7) Checking the system...
2022-11-03 11:23:12,035 laptop-ruo9ejtg workouttracking-dev.jar[10112] INFO  [org.tes.DockerClientFactory] (build-7) ?? Docker server version should be at least 1.6.0
2022-11-03 11:23:12,038 laptop-ruo9ejtg workouttracking-dev.jar[10112] INFO  [doc.ela.co/.17.0]] (build-7) Starting an elasticsearch container using [docker.elastic.co/elasticsearch/elasticsearch:7.17.0]
2022-11-03 11:23:12,041 laptop-ruo9ejtg workouttracking-dev.jar[10112] INFO  [doc.ela.co/.17.0]] (build-7) Creating container for image: docker.elastic.co/elasticsearch/elasticsearch:7.17.0
2022-11-03 11:23:12,307 laptop-ruo9ejtg workouttracking-dev.jar[10112] INFO  [org.tes.uti.RegistryAuthLocator] (build-7) Credential helper/store (docker-credential-desktop) does not have credentials for docker.elastic.co
2022-11-03 11:23:13,121 laptop-ruo9ejtg workouttracking-dev.jar[10112] INFO  [doc.ela.co/.17.0]] (build-7) Container docker.elastic.co/elasticsearch/elasticsearch:7.17.0 is starting: d21ec92ef62baddc7c756d35070c68caa0d20373f14f7e5dd751a38d2e9f3cae
2022-11-03 11:23:23,924 laptop-ruo9ejtg workouttracking-dev.jar[10112] INFO  [doc.ela.co/.17.0]] (build-7) Container docker.elastic.co/elasticsearch/elasticsearch:7.17.0 started in PT11.8826455S
2022-11-03 11:23:23,926 laptop-ruo9ejtg workouttracking-dev.jar[10112] INFO  [io.qua.ela.res.com.dep.DevServicesElasticsearchProcessor] (build-7) Dev Services for Elasticsearch started. Other Quarkus applications in dev mode will find the server automatically. For Quarkus applications in production mode, you can connect to this by configuring your application to use localhost:50386
2022-11-03 11:23:25,791 laptop-ruo9ejtg workouttracking-dev.jar[10112] INFO  [io.quarkus] (Test runner thread) workouttracking 1.0-SNAPSHOT on JVM (powered by Quarkus 2.13.3.Final) started in 15.616s. Listening on: http://localhost:8081
2022-11-03 11:23:25,792 laptop-ruo9ejtg workouttracking-dev.jar[10112] INFO  [io.quarkus] (Test runner thread) Profile test activated. 
2022-11-03 11:23:25,792 laptop-ruo9ejtg workouttracking-dev.jar[10112] INFO  [io.quarkus] (Test runner thread) Installed features: [agroal, cdi, elasticsearch-rest-client, hibernate-orm, hibernate-orm-panache, hibernate-orm-rest-data-panache, jdbc-h2, jdbc-postgresql, narayana-jta, resteasy-reactive, resteasy-reactive-jackson, resteasy-reactive-links, security, security-jpa, smallrye-context-propagation, vertx]
2022-11-03 11:23:27,018 laptop-ruo9ejtg workouttracking-dev.jar[10112] INFO  [io.quarkus] (Test runner thread) workouttracking(test application) stopped in 0.027s
2022-11-03 11:29:13,913 laptop-ruo9ejtg workouttracking-dev.jar[10112] INFO  [io.qua.dep.dev.RuntimeUpdatesProcessor] (Test Compile Timer) File change detected: C:\laragon\www\Backend\src\test\resources\application.properties
2022-11-03 11:29:14,225 laptop-ruo9ejtg workouttracking-dev.jar[10112] INFO  [io.qua.arc.pro.BeanProcessor] (build-50) Found unrecommended usage of private members (use package-private instead) in application beans:
	- @Inject field com.wt.resource.WorkoutResource#workoutService,
	- @Inject field com.wt.resource.UserResource#userService,
	- @Inject field com.wt.resource.ExerciseResource#exerciseService
2022-11-03 11:29:14,735 laptop-ruo9ejtg workouttracking-dev.jar[10112] INFO  [doc.ela.co/.17.0]] (build-42) Starting an elasticsearch container using [docker.elastic.co/elasticsearch/elasticsearch:7.17.0]
2022-11-03 11:29:14,736 laptop-ruo9ejtg workouttracking-dev.jar[10112] INFO  [doc.ela.co/.17.0]] (build-42) Creating container for image: docker.elastic.co/elasticsearch/elasticsearch:7.17.0
2022-11-03 11:29:14,772 laptop-ruo9ejtg workouttracking-dev.jar[10112] INFO  [doc.ela.co/.17.0]] (build-42) Container docker.elastic.co/elasticsearch/elasticsearch:7.17.0 is starting: 4e7c5c10af1aa23da902267446149f7716eb7ec000cd05fbb757effe4a1941a1
2022-11-03 11:29:24,892 laptop-ruo9ejtg workouttracking-dev.jar[10112] INFO  [doc.ela.co/.17.0]] (build-42) Container docker.elastic.co/elasticsearch/elasticsearch:7.17.0 started in PT10.1567332S
2022-11-03 11:29:24,894 laptop-ruo9ejtg workouttracking-dev.jar[10112] INFO  [io.qua.ela.res.com.dep.DevServicesElasticsearchProcessor] (build-42) Dev Services for Elasticsearch started. Other Quarkus applications in dev mode will find the server automatically. For Quarkus applications in production mode, you can connect to this by configuring your application to use localhost:50529
2022-11-03 11:29:25,154 laptop-ruo9ejtg workouttracking-dev.jar[10112] INFO  [io.quarkus] (Test runner thread) workouttracking 1.0-SNAPSHOT on JVM (powered by Quarkus 2.13.3.Final) started in 11.216s. Listening on: http://localhost:8081
2022-11-03 11:29:25,155 laptop-ruo9ejtg workouttracking-dev.jar[10112] INFO  [io.quarkus] (Test runner thread) Profile test activated. 
2022-11-03 11:29:25,155 laptop-ruo9ejtg workouttracking-dev.jar[10112] INFO  [io.quarkus] (Test runner thread) Installed features: [agroal, cdi, elasticsearch-rest-client, hibernate-orm, hibernate-orm-panache, hibernate-orm-rest-data-panache, jdbc-h2, jdbc-postgresql, narayana-jta, resteasy-reactive, resteasy-reactive-jackson, resteasy-reactive-links, security, security-jpa, smallrye-context-propagation, vertx]
2022-11-03 11:29:25,208 laptop-ruo9ejtg workouttracking-dev.jar[10112] INFO  [io.quarkus] (Test runner thread) workouttracking(test application) stopped in 0.014s
2022-11-03 11:29:29,212 laptop-ruo9ejtg workouttracking-dev.jar[10112] INFO  [io.qua.arc.pro.BeanProcessor] (build-11) Found unrecommended usage of private members (use package-private instead) in application beans:
	- @Inject field com.wt.resource.ExerciseResource#exerciseService,
	- @Inject field com.wt.resource.UserResource#userService,
	- @Inject field com.wt.resource.WorkoutResource#workoutService
2022-11-03 11:29:29,753 laptop-ruo9ejtg workouttracking-dev.jar[10112] INFO  [doc.ela.co/.17.0]] (build-18) Starting an elasticsearch container using [docker.elastic.co/elasticsearch/elasticsearch:7.17.0]
2022-11-03 11:29:29,754 laptop-ruo9ejtg workouttracking-dev.jar[10112] INFO  [doc.ela.co/.17.0]] (build-18) Creating container for image: docker.elastic.co/elasticsearch/elasticsearch:7.17.0
2022-11-03 11:29:29,785 laptop-ruo9ejtg workouttracking-dev.jar[10112] INFO  [doc.ela.co/.17.0]] (build-18) Container docker.elastic.co/elasticsearch/elasticsearch:7.17.0 is starting: 6204d0bfd9dbaa72ce165eb5b60c347aae6a2ccb6e00f58c11f03f84118fe080
2022-11-03 11:29:41,061 laptop-ruo9ejtg workouttracking-dev.jar[10112] INFO  [doc.ela.co/.17.0]] (build-18) Container docker.elastic.co/elasticsearch/elasticsearch:7.17.0 started in PT11.3067147S
2022-11-03 11:29:41,062 laptop-ruo9ejtg workouttracking-dev.jar[10112] INFO  [io.qua.ela.res.com.dep.DevServicesElasticsearchProcessor] (build-18) Dev Services for Elasticsearch started. Other Quarkus applications in dev mode will find the server automatically. For Quarkus applications in production mode, you can connect to this by configuring your application to use localhost:50535
2022-11-03 11:29:41,274 laptop-ruo9ejtg workouttracking-dev.jar[10112] INFO  [io.quarkus] (Test runner thread) workouttracking 1.0-SNAPSHOT on JVM (powered by Quarkus 2.13.3.Final) started in 12.377s. Listening on: http://localhost:8081
2022-11-03 11:29:41,275 laptop-ruo9ejtg workouttracking-dev.jar[10112] INFO  [io.quarkus] (Test runner thread) Profile test activated. 
2022-11-03 11:29:41,275 laptop-ruo9ejtg workouttracking-dev.jar[10112] INFO  [io.quarkus] (Test runner thread) Installed features: [agroal, cdi, elasticsearch-rest-client, hibernate-orm, hibernate-orm-panache, hibernate-orm-rest-data-panache, jdbc-h2, jdbc-postgresql, narayana-jta, resteasy-reactive, resteasy-reactive-jackson, resteasy-reactive-links, security, security-jpa, smallrye-context-propagation, vertx]
2022-11-03 11:29:41,312 laptop-ruo9ejtg workouttracking-dev.jar[10112] INFO  [io.quarkus] (Test runner thread) workouttracking(test application) stopped in 0.007s
